# JRE version: OpenJDK Runtime Environment (17.0.6) (build 17.0.6+0-b2043.56-10027231)
# Java VM: OpenJDK 64-Bit Server VM (17.0.6+0-b2043.56-10027231, mixed mode, tiered, compressed oops, compressed class ptrs, g1 gc, windows-amd64)
GC Precious Log:
 CPUs: 16 total, 16 available
 Memory: 15790M
 Large Page Support: Disabled
 NUMA Support: Disabled
 Compressed Oops: Enabled (32-bit)
 Heap Region Size: 1M
 Heap Min Capacity: 8M
 Heap Initial Capacity: 248M
 Heap Max Capacity: 2G
 Pre-touch: Disabled
 Parallel Workers: 13
 Concurrent Workers: 3
 Concurrent Refinement Workers: 13
 Periodic GC: Disabled
Heap:
 garbage-first heap   total 567296K, used 155412K [0x0000000080000000, 0x0000000100000000)
  region size 1024K, 2 young (2048K), 2 survivors (2048K)
 Metaspace       used 146308K, committed 147200K, reserved 1179648K
  class space    used 20371K, committed 20800K, reserved 1048576K
GC Heap History (20 events):
Event: 14.568 GC heap after
{Heap after GC invocations=39 (full 0):
 garbage-first heap   total 440320K, used 120254K [0x0000000080000000, 0x0000000100000000)
  region size 1024K, 3 young (3072K), 3 survivors (3072K)
 Metaspace       used 109159K, committed 109888K, reserved 1146880K
  class space    used 14685K, committed 15040K, reserved 1048576K
}
Event: 15.001 GC heap before
{Heap before GC invocations=39 (full 0):
 garbage-first heap   total 440320K, used 192958K [0x0000000080000000, 0x0000000100000000)
  region size 1024K, 76 young (77824K), 3 survivors (3072K)
 Metaspace       used 110036K, committed 110784K, reserved 1146880K
  class space    used 14782K, committed 15168K, reserved 1048576K
}
Event: 15.007 GC heap after
{Heap after GC invocations=40 (full 0):
 garbage-first heap   total 440320K, used 125391K [0x0000000080000000, 0x0000000100000000)
  region size 1024K, 8 young (8192K), 8 survivors (8192K)
 Metaspace       used 110036K, committed 110784K, reserved 1146880K
  class space    used 14782K, committed 15168K, reserved 1048576K
}
Event: 15.967 GC heap before
{Heap before GC invocations=41 (full 0):
 garbage-first heap   total 440320K, used 350671K [0x0000000080000000, 0x0000000100000000)
  region size 1024K, 225 young (230400K), 8 survivors (8192K)
 Metaspace       used 120345K, committed 121216K, reserved 1155072K
  class space    used 16543K, committed 16960K, reserved 1048576K
}
Event: 15.979 GC heap after
{Heap after GC invocations=42 (full 0):
 garbage-first heap   total 440320K, used 140684K [0x0000000080000000, 0x0000000100000000)
  region size 1024K, 23 young (23552K), 23 survivors (23552K)
 Metaspace       used 120345K, committed 121216K, reserved 1155072K
  class space    used 16543K, committed 16960K, reserved 1048576K
}
Event: 15.986 GC heap before
{Heap before GC invocations=42 (full 0):
 garbage-first heap   total 440320K, used 141708K [0x0000000080000000, 0x0000000100000000)
  region size 1024K, 24 young (24576K), 23 survivors (23552K)
 Metaspace       used 120466K, committed 121280K, reserved 1155072K
  class space    used 16582K, committed 16960K, reserved 1048576K
}
Event: 15.995 GC heap after
{Heap after GC invocations=43 (full 0):
 garbage-first heap   total 440320K, used 141147K [0x0000000080000000, 0x0000000100000000)
  region size 1024K, 3 young (3072K), 3 survivors (3072K)
 Metaspace       used 120466K, committed 121280K, reserved 1155072K
  class space    used 16582K, committed 16960K, reserved 1048576K
}
Event: 16.983 GC heap before
{Heap before GC invocations=43 (full 0):
 garbage-first heap   total 440320K, used 254811K [0x0000000080000000, 0x0000000100000000)
  region size 1024K, 116 young (118784K), 3 survivors (3072K)
 Metaspace       used 130885K, committed 131776K, reserved 1163264K
  class space    used 18461K, committed 18880K, reserved 1048576K
}
Event: 16.988 GC heap after
{Heap after GC invocations=44 (full 0):
 garbage-first heap   total 440320K, used 142375K [0x0000000080000000, 0x0000000100000000)
  region size 1024K, 5 young (5120K), 5 survivors (5120K)
 Metaspace       used 130885K, committed 131776K, reserved 1163264K
  class space    used 18461K, committed 18880K, reserved 1048576K
}
Event: 37.113 GC heap before
{Heap before GC invocations=45 (full 0):
 garbage-first heap   total 440320K, used 412711K [0x0000000080000000, 0x0000000100000000)
  region size 1024K, 209 young (214016K), 5 survivors (5120K)
 Metaspace       used 136832K, committed 137856K, reserved 1171456K
  class space    used 19332K, committed 19840K, reserved 1048576K
}
Event: 37.123 GC heap after
{Heap after GC invocations=46 (full 0):
 garbage-first heap   total 440320K, used 155209K [0x0000000080000000, 0x0000000100000000)
  region size 1024K, 17 young (17408K), 17 survivors (17408K)
 Metaspace       used 136832K, committed 137856K, reserved 1171456K
  class space    used 19332K, committed 19840K, reserved 1048576K
}
Event: 37.224 GC heap before
{Heap before GC invocations=46 (full 0):
 garbage-first heap   total 440320K, used 158281K [0x0000000080000000, 0x0000000100000000)
  region size 1024K, 21 young (21504K), 17 survivors (17408K)
 Metaspace       used 137492K, committed 138432K, reserved 1171456K
  class space    used 19426K, committed 19904K, reserved 1048576K
}
Event: 37.232 GC heap after
{Heap after GC invocations=47 (full 0):
 garbage-first heap   total 440320K, used 154506K [0x0000000080000000, 0x0000000100000000)
  region size 1024K, 3 young (3072K), 3 survivors (3072K)
 Metaspace       used 137492K, committed 138432K, reserved 1171456K
  class space    used 19426K, committed 19904K, reserved 1048576K
}
Event: 39.733 GC heap before
{Heap before GC invocations=47 (full 0):
 garbage-first heap   total 440320K, used 271242K [0x0000000080000000, 0x0000000100000000)
  region size 1024K, 119 young (121856K), 3 survivors (3072K)
 Metaspace       used 141177K, committed 142144K, reserved 1171456K
  class space    used 19818K, committed 20288K, reserved 1048576K
}
Event: 39.738 GC heap after
{Heap after GC invocations=48 (full 0):
 garbage-first heap   total 440320K, used 160143K [0x0000000080000000, 0x0000000100000000)
  region size 1024K, 9 young (9216K), 9 survivors (9216K)
 Metaspace       used 141177K, committed 142144K, reserved 1171456K
  class space    used 19818K, committed 20288K, reserved 1048576K
}
Event: 47.976 GC heap before
{Heap before GC invocations=49 (full 0):
 garbage-first heap   total 440320K, used 404879K [0x0000000080000000, 0x0000000100000000)
  region size 1024K, 200 young (204800K), 9 survivors (9216K)
 Metaspace       used 145984K, committed 146944K, reserved 1179648K
  class space    used 20334K, committed 20800K, reserved 1048576K
}
Event: 47.985 GC heap after
{Heap after GC invocations=50 (full 0):
 garbage-first heap   total 440320K, used 168229K [0x0000000080000000, 0x0000000100000000)
  region size 1024K, 16 young (16384K), 16 survivors (16384K)
 Metaspace       used 145984K, committed 146944K, reserved 1179648K
  class space    used 20334K, committed 20800K, reserved 1048576K
}
Event: 48.009 GC heap before
{Heap before GC invocations=50 (full 0):
 garbage-first heap   total 440320K, used 173349K [0x0000000080000000, 0x0000000100000000)
  region size 1024K, 21 young (21504K), 16 survivors (16384K)
 Metaspace       used 145994K, committed 146944K, reserved 1179648K
  class space    used 20334K, committed 20800K, reserved 1048576K
}
Event: 48.020 GC heap after
{Heap after GC invocations=51 (full 0):
 garbage-first heap   total 440320K, used 155696K [0x0000000080000000, 0x0000000100000000)
  region size 1024K, 3 young (3072K), 3 survivors (3072K)
 Metaspace       used 145994K, committed 146944K, reserved 1179648K
  class space    used 20334K, committed 20800K, reserved 1048576K
}
Event: 130.939 GC heap before
{Heap before GC invocations=51 (full 0):
 garbage-first heap   total 440320K, used 232496K [0x0000000080000000, 0x0000000100000000)
  region size 1024K, 80 young (81920K), 3 survivors (3072K)
 Metaspace       used 146308K, committed 147200K, reserved 1179648K
  class space    used 20371K, committed 20800K, reserved 1048576K
}

